[debug] [2023-08-02T18:00:51.871Z] ----------------------------------------------------------------------
[debug] [2023-08-02T18:00:51.873Z] Command:       C:\Program Files\nodejs\node.exe C:\Users\Autoria.DESKTOP-49UP591\AppData\Roaming\npm\node_modules\firebase-tools\lib\bin\firebase.js init
[debug] [2023-08-02T18:00:51.873Z] CLI Version:   12.4.6
[debug] [2023-08-02T18:00:51.873Z] Platform:      win32
[debug] [2023-08-02T18:00:51.873Z] Node Version:  v16.15.1
[debug] [2023-08-02T18:00:51.874Z] Time:          Wed Aug 02 2023 11:00:51 GMT-0700 (Pacific Daylight Time)
[debug] [2023-08-02T18:00:51.875Z] ----------------------------------------------------------------------
[debug] 
[debug] [2023-08-02T18:00:51.881Z] > command requires scopes: ["email","openid","https://www.googleapis.com/auth/cloudplatformprojects.readonly","https://www.googleapis.com/auth/firebase","https://www.googleapis.com/auth/cloud-platform"]
[debug] [2023-08-02T18:00:51.882Z] > authorizing via signed-in user (d.johnt45@gmail.com)
[info] 
     ######## #### ########  ######## ########     ###     ######  ########
     ##        ##  ##     ## ##       ##     ##  ##   ##  ##       ##
     ######    ##  ########  ######   ########  #########  ######  ######
     ##        ##  ##    ##  ##       ##     ## ##     ##       ## ##
     ##       #### ##     ## ######## ########  ##     ##  ######  ########

You're about to initialize a Firebase project in this directory:

  C:\Users\Autoria.DESKTOP-49UP591\dev\web-dev-practice\18 firebase

[info] 
=== Project Setup
[info] 
[info] First, let's associate this project directory with a Firebase project.
[info] You can create multiple project aliases by running firebase use --add, 
[info] but for now we'll just set up a default project.
[info] 
[info] i  If you want to create a project in a Google Cloud organization or folder, please use "firebase projects:create" instead, and return to this command when you've created the project. 
